<?xml version="1.0" encoding="UTF-8"?>
<testsuite name="BigOAssertTest" time="47.563" tests="23" errors="0" skipped="0" failures="0">
  <properties>
    <property name="idea.version" value="2023.2"/>
    <property name="java.runtime.name" value="OpenJDK Runtime Environment"/>
    <property name="sun.boot.library.path" value="/Users/markussprunck/Library/Java/JavaVirtualMachines/temurin-1.8.0_382/Contents/Home/jre/lib"/>
    <property name="java.vm.version" value="25.382-b05"/>
    <property name="gopherProxySet" value="false"/>
    <property name="java.vm.vendor" value="Temurin"/>
    <property name="maven.multiModuleProjectDirectory" value="/Users/markussprunck/Projects/privat/big-o-test/big-o-test-spring-boot-demo"/>
    <property name="java.vendor.url" value="https://adoptium.net/"/>
    <property name="path.separator" value=":"/>
    <property name="guice.disable.misplaced.annotation.check" value="true"/>
    <property name="java.vm.name" value="OpenJDK 64-Bit Server VM"/>
    <property name="file.encoding.pkg" value="sun.io"/>
    <property name="user.country" value="DE"/>
    <property name="sun.java.launcher" value="SUN_STANDARD"/>
    <property name="sun.os.patch.level" value="unknown"/>
    <property name="java.vm.specification.name" value="Java Virtual Machine Specification"/>
    <property name="user.dir" value="/Users/markussprunck/Projects/privat/big-o-test/big-o-test-spring-boot-demo"/>
    <property name="java.runtime.version" value="1.8.0_382-b05"/>
    <property name="java.awt.graphicsenv" value="sun.awt.CGraphicsEnvironment"/>
    <property name="java.endorsed.dirs" value="/Users/markussprunck/Library/Java/JavaVirtualMachines/temurin-1.8.0_382/Contents/Home/jre/lib/endorsed"/>
    <property name="os.arch" value="x86_64"/>
    <property name="java.io.tmpdir" value="/var/folders/jy/ryh8v9jd55b_624fc_0gll000000gn/T/"/>
    <property name="line.separator" value="&#10;"/>
    <property name="java.vm.specification.vendor" value="Oracle Corporation"/>
    <property name="os.name" value="Mac OS X"/>
    <property name="maven.ext.class.path" value="/Applications/IntelliJ IDEA.app/Contents/plugins/maven/lib/maven-event-listener.jar"/>
    <property name="classworlds.conf" value="/Applications/IntelliJ IDEA.app/Contents/plugins/maven/lib/maven3/bin/m2.conf"/>
    <property name="sun.jnu.encoding" value="UTF-8"/>
    <property name="java.library.path" value="/Users/markussprunck/Library/Java/Extensions:/Library/Java/Extensions:/Network/Library/Java/Extensions:/System/Library/Java/Extensions:/usr/lib/java:."/>
    <property name="jansi.passthrough" value="true"/>
    <property name="maven.conf" value="/Applications/IntelliJ IDEA.app/Contents/plugins/maven/lib/maven3/conf"/>
    <property name="java.specification.name" value="Java Platform API Specification"/>
    <property name="java.class.version" value="52.0"/>
    <property name="sun.management.compiler" value="HotSpot 64-Bit Tiered Compilers"/>
    <property name="os.version" value="14.0"/>
    <property name="user.home" value="/Users/markussprunck"/>
    <property name="user.timezone" value="Europe/Berlin"/>
    <property name="java.awt.printerjob" value="sun.lwawt.macosx.CPrinterJob"/>
    <property name="java.specification.version" value="1.8"/>
    <property name="file.encoding" value="UTF-8"/>
    <property name="user.name" value="markussprunck"/>
    <property name="java.class.path" value="/Applications/IntelliJ IDEA.app/Contents/plugins/maven/lib/maven3/boot/plexus-classworlds.license:/Applications/IntelliJ IDEA.app/Contents/plugins/maven/lib/maven3/boot/plexus-classworlds-2.7.0.jar:/Applications/IntelliJ IDEA.app/Contents/lib/idea_rt.jar"/>
    <property name="java.vm.specification.version" value="1.8"/>
    <property name="sun.arch.data.model" value="64"/>
    <property name="java.home" value="/Users/markussprunck/Library/Java/JavaVirtualMachines/temurin-1.8.0_382/Contents/Home/jre"/>
    <property name="sun.java.command" value="org.codehaus.classworlds.Launcher -Didea.version=2023.2 test"/>
    <property name="java.specification.vendor" value="Oracle Corporation"/>
    <property name="user.language" value="en"/>
    <property name="awt.toolkit" value="sun.lwawt.macosx.LWCToolkit"/>
    <property name="java.vm.info" value="mixed mode"/>
    <property name="java.version" value="1.8.0_382"/>
    <property name="java.ext.dirs" value="/Users/markussprunck/Library/Java/Extensions:/Users/markussprunck/Library/Java/JavaVirtualMachines/temurin-1.8.0_382/Contents/Home/jre/lib/ext:/Library/Java/Extensions:/Network/Library/Java/Extensions:/System/Library/Java/Extensions:/usr/lib/java"/>
    <property name="sun.boot.class.path" value="/Users/markussprunck/Library/Java/JavaVirtualMachines/temurin-1.8.0_382/Contents/Home/jre/lib/resources.jar:/Users/markussprunck/Library/Java/JavaVirtualMachines/temurin-1.8.0_382/Contents/Home/jre/lib/rt.jar:/Users/markussprunck/Library/Java/JavaVirtualMachines/temurin-1.8.0_382/Contents/Home/jre/lib/sunrsasign.jar:/Users/markussprunck/Library/Java/JavaVirtualMachines/temurin-1.8.0_382/Contents/Home/jre/lib/jsse.jar:/Users/markussprunck/Library/Java/JavaVirtualMachines/temurin-1.8.0_382/Contents/Home/jre/lib/jce.jar:/Users/markussprunck/Library/Java/JavaVirtualMachines/temurin-1.8.0_382/Contents/Home/jre/lib/charsets.jar:/Users/markussprunck/Library/Java/JavaVirtualMachines/temurin-1.8.0_382/Contents/Home/jre/lib/jfr.jar:/Users/markussprunck/Library/Java/JavaVirtualMachines/temurin-1.8.0_382/Contents/Home/jre/classes"/>
    <property name="java.vendor" value="Temurin"/>
    <property name="java.specification.maintenance.version" value="5"/>
    <property name="maven.home" value="/Applications/IntelliJ IDEA.app/Contents/plugins/maven/lib/maven3"/>
    <property name="file.separator" value="/"/>
    <property name="java.vendor.url.bug" value="https://github.com/adoptium/adoptium-support/issues"/>
    <property name="sun.cpu.endian" value="little"/>
    <property name="sun.io.unicode.encoding" value="UnicodeBig"/>
    <property name="sun.cpu.isalist" value=""/>
  </properties>
  <testcase name="assertQuadratic_ThreeDataPoints_RaiseIllegalArgumentException" classname="BigOAssertTest" time="4.146"/>
  <testcase name="assertConstant_EmptyMethodString_RaiseIllegalArgumentException" classname="BigOAssertTest" time="0.298"/>
  <testcase name="assertLinear_RunConstant_DetectLinearFailedAsExpected" classname="BigOAssertTest" time="0.559"/>
  <testcase name="assertLinear_ThreeDataPoints_RaiseIllegalArgumentException" classname="BigOAssertTest" time="0.302"/>
  <testcase name="assertConstant_RunConstant_DetectConstantIsOk" classname="BigOAssertTest" time="0.51"/>
  <testcase name="assertLogLinear_RunQuadratic_DetectLinearFailedAsExpected" classname="BigOAssertTest" time="12.904"/>
  <testcase name="assertPolynomialDegree_RunLinear_CheckPolynomialDegreeIsSmaller" classname="BigOAssertTest" time="0.503"/>
  <testcase name="assertLinear_RunQuadratic_DetectLinearFailedAsExpected" classname="BigOAssertTest" time="4.221"/>
  <testcase name="assertConstant_RunNLogN_DetectConstantFailedAsExpected" classname="BigOAssertTest" time="0.511"/>
  <testcase name="assertQuadratic_RunLinear_DetectQuadraticFailedAsExpected" classname="BigOAssertTest" time="0.604"/>
  <testcase name="assertQuadratic_RunConstant_DetectQuadraticIsOk" classname="BigOAssertTest" time="12.831"/>
  <testcase name="assertLogLinear_ThreeDataPoints_RaiseIllegalArgumentException" classname="BigOAssertTest" time="0.307"/>
  <testcase name="assertLinear_RunLinear_DetectLinearIsOk" classname="BigOAssertTest" time="0.756"/>
  <testcase name="assertLogLinear_RunConstant_DetectLinearFailedAsExpected" classname="BigOAssertTest" time="0.502"/>
  <testcase name="assertPolynomialDegree_ThreeDataPoints_RaiseIllegalArgumentException" classname="BigOAssertTest" time="0.302"/>
  <testcase name="assertQuadratic_RunNLogN_DetectQuadraticFailedAsExpected" classname="BigOAssertTest" time="0.618"/>
  <testcase name="assertQuadratic_RunConstant_DetectQuadraticFailedAsExpected" classname="BigOAssertTest" time="0.603"/>
  <testcase name="assertPolynomialDegree_RunLinear_CheckPolynomialDegreeIsOk" classname="BigOAssertTest" time="0.603"/>
  <testcase name="assertConstant_RunLinear_DetectConstantFailedAsExpected" classname="BigOAssertTest" time="0.503"/>
  <testcase name="assertPolynomialDegree_RunQuadratic_CheckPolynomialDegreeOk" classname="BigOAssertTest" time="4.301"/>
  <testcase name="assertPolynomialDegree_RunPowerLaw_DetectOK" classname="BigOAssertTest" time="0.722"/>
  <testcase name="assertLogLinear_RunNLogN2_DetectLogLinearOk" classname="BigOAssertTest" time="0.656"/>
  <testcase name="assertConstant_ThreeDataPoints_RaiseIllegalArgumentException" classname="BigOAssertTest" time="0.301"/>
</testsuite>